2025-05-20 19:09:43,790 - main - INFO - Loaded Dense model from C:\Users\alber\anti-malarial-demand-forecast\models\Dense_model.keras
2025-05-20 19:09:43,849 - main - INFO - Loaded GRU model from C:\Users\alber\anti-malarial-demand-forecast\models\GRU_model.keras
2025-05-20 19:09:43,897 - main - INFO - Loaded LSTM model from C:\Users\alber\anti-malarial-demand-forecast\models\LSTM_model.keras
2025-05-20 19:09:43,898 - main - INFO - Loaded normalization parameters
2025-05-20 19:09:43,899 - main - ERROR - Failed to load test metrics: Not all expected models found in test_metrics.csv
2025-05-20 19:09:43,904 - main - INFO - avg_temp_max - Recent Mean: 28.7825, Std: 1.5931
2025-05-20 19:09:43,904 - main - INFO - avg_temp_max - Training Mean: 27.4351, Std: 1.6257
2025-05-20 19:09:43,911 - main - INFO - avg_temp_max - Drift: Mean diff 4.91%, Std diff 2.01%
2025-05-20 19:09:43,911 - main - INFO - avg_temp_min - Recent Mean: 18.1275, Std: 0.6595
2025-05-20 19:09:43,911 - main - INFO - avg_temp_min - Training Mean: 17.8719, Std: 0.5855
2025-05-20 19:09:43,913 - main - INFO - avg_temp_min - Drift: Mean diff 1.43%, Std diff 12.64%
2025-05-20 19:09:43,913 - main - INFO - avg_humidity - Recent Mean: 68.3017, Std: 9.6981
2025-05-20 19:09:43,913 - main - INFO - avg_humidity - Training Mean: 72.0622, Std: 8.6964
2025-05-20 19:09:43,913 - main - INFO - avg_humidity - Drift: Mean diff 5.22%, Std diff 11.52%
2025-05-20 19:09:43,913 - main - INFO - total_precipitation - Recent Mean: 11820.6338, Std: 6590.9268
2025-05-20 19:09:43,913 - main - INFO - total_precipitation - Training Mean: 12788.4971, Std: 6300.8018
2025-05-20 19:09:43,913 - main - INFO - total_precipitation - Drift: Mean diff 7.57%, Std diff 4.60%
2025-05-20 19:09:43,913 - main - INFO - total_sunshine_hours - Recent Mean: 37094.1680, Std: 1544.4633
2025-05-20 19:09:43,913 - main - INFO - total_sunshine_hours - Training Mean: 36897.8633, Std: 1921.8816
2025-05-20 19:09:43,913 - main - INFO - total_sunshine_hours - Drift: Mean diff 0.53%, Std diff 19.64%
2025-05-20 19:09:43,913 - main - INFO - ddd_demand - Recent Mean: 1.4082, Std: 0.3202
2025-05-20 19:09:43,913 - main - INFO - ddd_demand - Training Mean: 1.3976, Std: 0.2596
2025-05-20 19:09:43,913 - main - INFO - ddd_demand - Drift: Mean diff 0.76%, Std diff 23.35%
2025-05-20 19:09:43,913 - main - WARNING - Potential data drift detected in ddd_demand! Consider retraining.
2025-05-20 19:09:43,913 - main - INFO - Loaded and validated last 12 months of input data (Apr 2024 - Mar 2025)
2025-05-20 19:09:43,914 - main - INFO - Raw date column values: ['2025-04-01', '2025-05-01', '2025-06-01', '2025-04-01', '2025-05-01', '2025-06-01', '2025-04-01', '2025-05-01', '2025-06-01', '2025-04-01', '2025-05-01', '2025-06-01']
2025-05-20 19:09:43,917 - main - INFO - Loaded predictions successfully
2025-05-20 19:09:43,917 - main - INFO - Predictions: {'Dense': {'April 2025': 1.6158, 'May 2025': 1.5825, 'June 2025': 1.5041}, 'GRU': {'April 2025': 1.8661, 'May 2025': 1.6706, 'June 2025': 1.2447}, 'LSTM': {'April 2025': 1.5321, 'May 2025': 1.4979, 'June 2025': 1.4128}}
2025-05-20 19:09:43,917 - main - INFO - ModelManager initialized successfully
2025-05-20 19:12:39,026 - main - INFO - Loaded Dense model from C:\Users\alber\anti-malarial-demand-forecast\models\Dense_model.keras
2025-05-20 19:12:39,093 - main - INFO - Loaded GRU model from C:\Users\alber\anti-malarial-demand-forecast\models\GRU_model.keras
2025-05-20 19:12:39,143 - main - INFO - Loaded LSTM model from C:\Users\alber\anti-malarial-demand-forecast\models\LSTM_model.keras
2025-05-20 19:12:39,144 - main - INFO - Loaded normalization parameters
2025-05-20 19:12:39,147 - main - ERROR - Failed to load test metrics: Not all expected models found in test_metrics.csv
2025-05-20 19:12:39,153 - main - INFO - avg_temp_max - Recent Mean: 28.7825, Std: 1.5931
2025-05-20 19:12:39,153 - main - INFO - avg_temp_max - Training Mean: 27.4351, Std: 1.6257
2025-05-20 19:12:39,153 - main - INFO - avg_temp_max - Drift: Mean diff 4.91%, Std diff 2.01%
2025-05-20 19:12:39,153 - main - INFO - avg_temp_min - Recent Mean: 18.1275, Std: 0.6595
2025-05-20 19:12:39,153 - main - INFO - avg_temp_min - Training Mean: 17.8719, Std: 0.5855
2025-05-20 19:12:39,153 - main - INFO - avg_temp_min - Drift: Mean diff 1.43%, Std diff 12.64%
2025-05-20 19:12:39,154 - main - INFO - avg_humidity - Recent Mean: 68.3017, Std: 9.6981
2025-05-20 19:12:39,154 - main - INFO - avg_humidity - Training Mean: 72.0622, Std: 8.6964
2025-05-20 19:12:39,154 - main - INFO - avg_humidity - Drift: Mean diff 5.22%, Std diff 11.52%
2025-05-20 19:12:39,154 - main - INFO - total_precipitation - Recent Mean: 11820.6338, Std: 6590.9268
2025-05-20 19:12:39,154 - main - INFO - total_precipitation - Training Mean: 12788.4971, Std: 6300.8018
2025-05-20 19:12:39,154 - main - INFO - total_precipitation - Drift: Mean diff 7.57%, Std diff 4.60%
2025-05-20 19:12:39,154 - main - INFO - total_sunshine_hours - Recent Mean: 37094.1680, Std: 1544.4633
2025-05-20 19:12:39,154 - main - INFO - total_sunshine_hours - Training Mean: 36897.8633, Std: 1921.8816
2025-05-20 19:12:39,154 - main - INFO - total_sunshine_hours - Drift: Mean diff 0.53%, Std diff 19.64%
2025-05-20 19:12:39,154 - main - INFO - ddd_demand - Recent Mean: 1.4082, Std: 0.3202
2025-05-20 19:12:39,154 - main - INFO - ddd_demand - Training Mean: 1.3976, Std: 0.2596
2025-05-20 19:12:39,154 - main - INFO - ddd_demand - Drift: Mean diff 0.76%, Std diff 23.35%
2025-05-20 19:12:39,154 - main - WARNING - Potential data drift detected in ddd_demand! Consider retraining.
2025-05-20 19:12:39,154 - main - INFO - Loaded and validated last 12 months of input data (Apr 2024 - Mar 2025)
2025-05-20 19:12:39,155 - main - INFO - Raw date column values: ['2025-04-01', '2025-05-01', '2025-06-01', '2025-04-01', '2025-05-01', '2025-06-01', '2025-04-01', '2025-05-01', '2025-06-01', '2025-04-01', '2025-05-01', '2025-06-01']
2025-05-20 19:12:39,158 - main - INFO - Loaded predictions successfully
2025-05-20 19:12:39,159 - main - INFO - Predictions: {'Dense': {'April 2025': 1.6158, 'May 2025': 1.5825, 'June 2025': 1.5041}, 'GRU': {'April 2025': 1.8661, 'May 2025': 1.6706, 'June 2025': 1.2447}, 'LSTM': {'April 2025': 1.5321, 'May 2025': 1.4979, 'June 2025': 1.4128}}
2025-05-20 19:12:39,159 - main - INFO - ModelManager initialized successfully
2025-05-20 19:42:44,637 - main - INFO - Loaded Dense model from C:\Users\alber\anti-malarial-demand-forecast\models\Dense_model.keras
2025-05-20 19:42:44,705 - main - INFO - Loaded GRU model from C:\Users\alber\anti-malarial-demand-forecast\models\GRU_model.keras
2025-05-20 19:42:44,756 - main - INFO - Loaded LSTM model from C:\Users\alber\anti-malarial-demand-forecast\models\LSTM_model.keras
2025-05-20 19:42:44,757 - main - ERROR - Failed to load transformer model: Model file C:\Users\alber\anti-malarial-demand-forecast\models\transformer.keras not found
2025-05-20 19:42:44,757 - main - INFO - Loaded normalization parameters
2025-05-20 19:42:44,766 - main - INFO - Loaded test metrics for models: ['dense', 'LSTM', 'GRU', 'transformer']
2025-05-20 19:42:44,771 - main - INFO - avg_temp_max - Recent Mean: 28.7825, Std: 1.5931
2025-05-20 19:42:44,772 - main - INFO - avg_temp_max - Training Mean: 27.4351, Std: 1.6257
2025-05-20 19:42:44,772 - main - INFO - avg_temp_max - Drift: Mean diff 4.91%, Std diff 2.01%
2025-05-20 19:42:44,772 - main - INFO - avg_temp_min - Recent Mean: 18.1275, Std: 0.6595
2025-05-20 19:42:44,772 - main - INFO - avg_temp_min - Training Mean: 17.8719, Std: 0.5855
2025-05-20 19:42:44,772 - main - INFO - avg_temp_min - Drift: Mean diff 1.43%, Std diff 12.64%
2025-05-20 19:42:44,772 - main - INFO - avg_humidity - Recent Mean: 68.3017, Std: 9.6981
2025-05-20 19:42:44,772 - main - INFO - avg_humidity - Training Mean: 72.0622, Std: 8.6964
2025-05-20 19:42:44,772 - main - INFO - avg_humidity - Drift: Mean diff 5.22%, Std diff 11.52%
2025-05-20 19:42:44,772 - main - INFO - total_precipitation - Recent Mean: 11820.6338, Std: 6590.9268
2025-05-20 19:42:44,772 - main - INFO - total_precipitation - Training Mean: 12788.4971, Std: 6300.8018
2025-05-20 19:42:44,772 - main - INFO - total_precipitation - Drift: Mean diff 7.57%, Std diff 4.60%
2025-05-20 19:42:44,772 - main - INFO - total_sunshine_hours - Recent Mean: 37094.1680, Std: 1544.4633
2025-05-20 19:42:44,772 - main - INFO - total_sunshine_hours - Training Mean: 36897.8633, Std: 1921.8816
2025-05-20 19:42:44,772 - main - INFO - total_sunshine_hours - Drift: Mean diff 0.53%, Std diff 19.64%
2025-05-20 19:42:44,772 - main - INFO - ddd_demand - Recent Mean: 1.4082, Std: 0.3202
2025-05-20 19:42:44,772 - main - INFO - ddd_demand - Training Mean: 1.3976, Std: 0.2596
2025-05-20 19:42:44,772 - main - INFO - ddd_demand - Drift: Mean diff 0.76%, Std diff 23.35%
2025-05-20 19:42:44,772 - main - WARNING - Potential data drift detected in ddd_demand! Consider retraining.
2025-05-20 19:42:44,773 - main - INFO - Loaded and validated last 12 months of input data (Apr 2024 - Mar 2025)
2025-05-20 19:42:44,774 - main - INFO - Raw date column values: ['2025-04-01', '2025-05-01', '2025-06-01', '2025-04-01', '2025-05-01', '2025-06-01', '2025-04-01', '2025-05-01', '2025-06-01', '2025-04-01', '2025-05-01', '2025-06-01']
2025-05-20 19:42:44,780 - main - INFO - Loaded predictions successfully
2025-05-20 19:42:44,780 - main - INFO - Predictions: {'Dense': {'April 2025': 1.6158, 'May 2025': 1.5825, 'June 2025': 1.5041}, 'GRU': {'April 2025': 1.8661, 'May 2025': 1.6706, 'June 2025': 1.2447}, 'LSTM': {'April 2025': 1.5321, 'May 2025': 1.4979, 'June 2025': 1.4128}, 'transformer': {'April 2025': 1.4832, 'May 2025': 1.6103, 'June 2025': 1.3905}}
2025-05-20 19:42:44,780 - main - INFO - ModelManager initialized successfully
2025-05-20 19:42:50,110 - main - INFO - Loaded Dense model from C:\Users\alber\anti-malarial-demand-forecast\models\Dense_model.keras
2025-05-20 19:42:50,187 - main - INFO - Loaded GRU model from C:\Users\alber\anti-malarial-demand-forecast\models\GRU_model.keras
2025-05-20 19:42:50,243 - main - INFO - Loaded LSTM model from C:\Users\alber\anti-malarial-demand-forecast\models\LSTM_model.keras
2025-05-20 19:42:50,243 - main - ERROR - Failed to load transformer model: Model file C:\Users\alber\anti-malarial-demand-forecast\models\transformer.keras not found
2025-05-20 19:42:50,244 - main - INFO - Loaded normalization parameters
2025-05-20 19:42:50,246 - main - INFO - Loaded test metrics for models: ['dense', 'LSTM', 'GRU', 'transformer']
2025-05-20 19:42:50,251 - main - INFO - avg_temp_max - Recent Mean: 28.7825, Std: 1.5931
2025-05-20 19:42:50,251 - main - INFO - avg_temp_max - Training Mean: 27.4351, Std: 1.6257
2025-05-20 19:42:50,251 - main - INFO - avg_temp_max - Drift: Mean diff 4.91%, Std diff 2.01%
2025-05-20 19:42:50,251 - main - INFO - avg_temp_min - Recent Mean: 18.1275, Std: 0.6595
2025-05-20 19:42:50,251 - main - INFO - avg_temp_min - Training Mean: 17.8719, Std: 0.5855
2025-05-20 19:42:50,251 - main - INFO - avg_temp_min - Drift: Mean diff 1.43%, Std diff 12.64%
2025-05-20 19:42:50,251 - main - INFO - avg_humidity - Recent Mean: 68.3017, Std: 9.6981
2025-05-20 19:42:50,251 - main - INFO - avg_humidity - Training Mean: 72.0622, Std: 8.6964
2025-05-20 19:42:50,251 - main - INFO - avg_humidity - Drift: Mean diff 5.22%, Std diff 11.52%
2025-05-20 19:42:50,251 - main - INFO - total_precipitation - Recent Mean: 11820.6338, Std: 6590.9268
2025-05-20 19:42:50,251 - main - INFO - total_precipitation - Training Mean: 12788.4971, Std: 6300.8018
2025-05-20 19:42:50,251 - main - INFO - total_precipitation - Drift: Mean diff 7.57%, Std diff 4.60%
2025-05-20 19:42:50,251 - main - INFO - total_sunshine_hours - Recent Mean: 37094.1680, Std: 1544.4633
2025-05-20 19:42:50,251 - main - INFO - total_sunshine_hours - Training Mean: 36897.8633, Std: 1921.8816
2025-05-20 19:42:50,251 - main - INFO - total_sunshine_hours - Drift: Mean diff 0.53%, Std diff 19.64%
2025-05-20 19:42:50,251 - main - INFO - ddd_demand - Recent Mean: 1.4082, Std: 0.3202
2025-05-20 19:42:50,252 - main - INFO - ddd_demand - Training Mean: 1.3976, Std: 0.2596
2025-05-20 19:42:50,252 - main - INFO - ddd_demand - Drift: Mean diff 0.76%, Std diff 23.35%
2025-05-20 19:42:50,252 - main - WARNING - Potential data drift detected in ddd_demand! Consider retraining.
2025-05-20 19:42:50,252 - main - INFO - Loaded and validated last 12 months of input data (Apr 2024 - Mar 2025)
2025-05-20 19:42:50,253 - main - INFO - Raw date column values: ['2025-04-01', '2025-05-01', '2025-06-01', '2025-04-01', '2025-05-01', '2025-06-01', '2025-04-01', '2025-05-01', '2025-06-01', '2025-04-01', '2025-05-01', '2025-06-01']
2025-05-20 19:42:50,256 - main - INFO - Loaded predictions successfully
2025-05-20 19:42:50,256 - main - INFO - Predictions: {'Dense': {'April 2025': 1.6158, 'May 2025': 1.5825, 'June 2025': 1.5041}, 'GRU': {'April 2025': 1.8661, 'May 2025': 1.6706, 'June 2025': 1.2447}, 'LSTM': {'April 2025': 1.5321, 'May 2025': 1.4979, 'June 2025': 1.4128}, 'transformer': {'April 2025': 1.4832, 'May 2025': 1.6103, 'June 2025': 1.3905}}
2025-05-20 19:42:50,256 - main - INFO - ModelManager initialized successfully
2025-05-20 19:43:10,790 - main - INFO - Loaded Dense model from C:\Users\alber\anti-malarial-demand-forecast\models\Dense_model.keras
2025-05-20 19:43:10,851 - main - INFO - Loaded GRU model from C:\Users\alber\anti-malarial-demand-forecast\models\GRU_model.keras
2025-05-20 19:43:10,894 - main - INFO - Loaded LSTM model from C:\Users\alber\anti-malarial-demand-forecast\models\LSTM_model.keras
2025-05-20 19:43:10,894 - main - ERROR - Failed to load transformer model: Model file C:\Users\alber\anti-malarial-demand-forecast\models\transformer.keras not found
2025-05-20 19:43:10,895 - main - INFO - Loaded normalization parameters
2025-05-20 19:43:10,896 - main - INFO - Loaded test metrics for models: ['dense', 'LSTM', 'GRU', 'transformer']
2025-05-20 19:43:10,901 - main - INFO - avg_temp_max - Recent Mean: 28.7825, Std: 1.5931
2025-05-20 19:43:10,902 - main - INFO - avg_temp_max - Training Mean: 27.4351, Std: 1.6257
2025-05-20 19:43:10,902 - main - INFO - avg_temp_max - Drift: Mean diff 4.91%, Std diff 2.01%
2025-05-20 19:43:10,902 - main - INFO - avg_temp_min - Recent Mean: 18.1275, Std: 0.6595
2025-05-20 19:43:10,902 - main - INFO - avg_temp_min - Training Mean: 17.8719, Std: 0.5855
2025-05-20 19:43:10,902 - main - INFO - avg_temp_min - Drift: Mean diff 1.43%, Std diff 12.64%
2025-05-20 19:43:10,902 - main - INFO - avg_humidity - Recent Mean: 68.3017, Std: 9.6981
2025-05-20 19:43:10,902 - main - INFO - avg_humidity - Training Mean: 72.0622, Std: 8.6964
2025-05-20 19:43:10,902 - main - INFO - avg_humidity - Drift: Mean diff 5.22%, Std diff 11.52%
2025-05-20 19:43:10,902 - main - INFO - total_precipitation - Recent Mean: 11820.6338, Std: 6590.9268
2025-05-20 19:43:10,902 - main - INFO - total_precipitation - Training Mean: 12788.4971, Std: 6300.8018
2025-05-20 19:43:10,902 - main - INFO - total_precipitation - Drift: Mean diff 7.57%, Std diff 4.60%
2025-05-20 19:43:10,902 - main - INFO - total_sunshine_hours - Recent Mean: 37094.1680, Std: 1544.4633
2025-05-20 19:43:10,902 - main - INFO - total_sunshine_hours - Training Mean: 36897.8633, Std: 1921.8816
2025-05-20 19:43:10,902 - main - INFO - total_sunshine_hours - Drift: Mean diff 0.53%, Std diff 19.64%
2025-05-20 19:43:10,902 - main - INFO - ddd_demand - Recent Mean: 1.4082, Std: 0.3202
2025-05-20 19:43:10,902 - main - INFO - ddd_demand - Training Mean: 1.3976, Std: 0.2596
2025-05-20 19:43:10,902 - main - INFO - ddd_demand - Drift: Mean diff 0.76%, Std diff 23.35%
2025-05-20 19:43:10,902 - main - WARNING - Potential data drift detected in ddd_demand! Consider retraining.
2025-05-20 19:43:10,902 - main - INFO - Loaded and validated last 12 months of input data (Apr 2024 - Mar 2025)
2025-05-20 19:43:10,903 - main - INFO - Raw date column values: ['2025-04-01', '2025-05-01', '2025-06-01', '2025-04-01', '2025-05-01', '2025-06-01', '2025-04-01', '2025-05-01', '2025-06-01', '2025-04-01', '2025-05-01', '2025-06-01']
2025-05-20 19:43:10,907 - main - INFO - Loaded predictions successfully
2025-05-20 19:43:10,907 - main - INFO - Predictions: {'Dense': {'April 2025': 1.6158, 'May 2025': 1.5825, 'June 2025': 1.5041}, 'GRU': {'April 2025': 1.8661, 'May 2025': 1.6706, 'June 2025': 1.2447}, 'LSTM': {'April 2025': 1.5321, 'May 2025': 1.4979, 'June 2025': 1.4128}, 'transformer': {'April 2025': 1.4832, 'May 2025': 1.6103, 'June 2025': 1.3905}}
2025-05-20 19:43:10,907 - main - INFO - ModelManager initialized successfully
2025-05-20 19:54:36,068 - main - INFO - Loaded Dense model from C:\Users\alber\anti-malarial-demand-forecast\models\Dense_model.keras
2025-05-20 19:54:36,130 - main - INFO - Loaded GRU model from C:\Users\alber\anti-malarial-demand-forecast\models\GRU_model.keras
2025-05-20 19:54:36,175 - main - INFO - Loaded LSTM model from C:\Users\alber\anti-malarial-demand-forecast\models\LSTM_model.keras
2025-05-20 19:54:36,175 - main - ERROR - Failed to load transformer model: Model file C:\Users\alber\anti-malarial-demand-forecast\models\transformer.keras not found
2025-05-20 19:54:36,176 - main - INFO - Loaded normalization parameters
2025-05-20 19:54:36,178 - main - INFO - Loaded test metrics for models: ['Dense', 'LSTM', 'GRU', 'transformer']
2025-05-20 19:54:36,183 - main - INFO - avg_temp_max - Recent Mean: 28.7825, Std: 1.5931
2025-05-20 19:54:36,183 - main - INFO - avg_temp_max - Training Mean: 27.4351, Std: 1.6257
2025-05-20 19:54:36,183 - main - INFO - avg_temp_max - Drift: Mean diff 4.91%, Std diff 2.01%
2025-05-20 19:54:36,183 - main - INFO - avg_temp_min - Recent Mean: 18.1275, Std: 0.6595
2025-05-20 19:54:36,183 - main - INFO - avg_temp_min - Training Mean: 17.8719, Std: 0.5855
2025-05-20 19:54:36,183 - main - INFO - avg_temp_min - Drift: Mean diff 1.43%, Std diff 12.64%
2025-05-20 19:54:36,183 - main - INFO - avg_humidity - Recent Mean: 68.3017, Std: 9.6981
2025-05-20 19:54:36,183 - main - INFO - avg_humidity - Training Mean: 72.0622, Std: 8.6964
2025-05-20 19:54:36,183 - main - INFO - avg_humidity - Drift: Mean diff 5.22%, Std diff 11.52%
2025-05-20 19:54:36,183 - main - INFO - total_precipitation - Recent Mean: 11820.6338, Std: 6590.9268
2025-05-20 19:54:36,183 - main - INFO - total_precipitation - Training Mean: 12788.4971, Std: 6300.8018
2025-05-20 19:54:36,183 - main - INFO - total_precipitation - Drift: Mean diff 7.57%, Std diff 4.60%
2025-05-20 19:54:36,183 - main - INFO - total_sunshine_hours - Recent Mean: 37094.1680, Std: 1544.4633
2025-05-20 19:54:36,183 - main - INFO - total_sunshine_hours - Training Mean: 36897.8633, Std: 1921.8816
2025-05-20 19:54:36,183 - main - INFO - total_sunshine_hours - Drift: Mean diff 0.53%, Std diff 19.64%
2025-05-20 19:54:36,183 - main - INFO - ddd_demand - Recent Mean: 1.4082, Std: 0.3202
2025-05-20 19:54:36,183 - main - INFO - ddd_demand - Training Mean: 1.3976, Std: 0.2596
2025-05-20 19:54:36,183 - main - INFO - ddd_demand - Drift: Mean diff 0.76%, Std diff 23.35%
2025-05-20 19:54:36,183 - main - WARNING - Potential data drift detected in ddd_demand! Consider retraining.
2025-05-20 19:54:36,183 - main - INFO - Loaded and validated last 12 months of input data (Apr 2024 - Mar 2025)
2025-05-20 19:54:36,184 - main - INFO - Raw date column values: ['2025-04-01', '2025-05-01', '2025-06-01', '2025-04-01', '2025-05-01', '2025-06-01', '2025-04-01', '2025-05-01', '2025-06-01', '2025-04-01', '2025-05-01', '2025-06-01']
2025-05-20 19:54:36,187 - main - INFO - Loaded predictions successfully
2025-05-20 19:54:36,187 - main - INFO - Predictions: {'Dense': {'April 2025': 1.6158, 'May 2025': 1.5825, 'June 2025': 1.5041}, 'GRU': {'April 2025': 1.8661, 'May 2025': 1.6706, 'June 2025': 1.2447}, 'LSTM': {'April 2025': 1.5321, 'May 2025': 1.4979, 'June 2025': 1.4128}, 'transformer': {'April 2025': 1.4832, 'May 2025': 1.6103, 'June 2025': 1.3905}}
2025-05-20 19:54:36,188 - main - INFO - ModelManager initialized successfully
