2025-08-03 08:16:30,168 - INFO - Successfully validated file: districts.csv
2025-08-03 08:16:30,170 - INFO - Successfully validated file: test_maes.csv
2025-08-03 08:16:30,182 - INFO - Successfully validated file: malaria_historical.csv
2025-08-03 08:16:30,218 - INFO - Successfully connected to PostgreSQL database
2025-08-03 08:16:30,224 - INFO - Startup validation completed successfully
2025-08-03 08:16:43,635 - INFO - Loaded 119 districts from districts.csv
2025-08-03 08:16:43,644 - INFO - Best model identified: transformer
2025-08-03 08:16:43,675 - INFO - Successfully connected to PostgreSQL database
2025-08-03 08:16:43,900 - WARNING - No predictions found for model transformer
2025-08-03 08:16:43,904 - INFO - Loaded model metrics for 5 models
2025-08-03 08:16:43,994 - INFO - Successfully loaded historical data
2025-08-03 08:16:58,768 - INFO - Loaded 119 districts from districts.csv
2025-08-03 08:16:58,783 - INFO - Best model identified: transformer
2025-08-03 08:16:58,819 - INFO - Successfully connected to PostgreSQL database
2025-08-03 08:16:58,826 - WARNING - No predictions found for model transformer
2025-08-03 08:16:58,835 - INFO - Loaded model metrics for 5 models
2025-08-03 08:16:58,956 - INFO - Successfully loaded historical data
2025-08-03 08:20:49,863 - INFO - Loaded 119 districts from districts.csv
2025-08-03 08:20:49,871 - INFO - Best model identified: transformer
2025-08-03 08:20:49,901 - INFO - Successfully connected to PostgreSQL database
2025-08-03 08:20:49,930 - INFO - Returning predictions for 118 districts
2025-08-03 08:20:49,941 - INFO - Loaded model metrics for 5 models
2025-08-03 08:20:50,043 - INFO - Successfully loaded historical data
2025-08-03 08:21:09,099 - INFO - Successfully validated file: districts.csv
2025-08-03 08:21:09,102 - INFO - Successfully validated file: test_maes.csv
2025-08-03 08:21:09,113 - INFO - Successfully validated file: malaria_historical.csv
2025-08-03 08:21:09,147 - INFO - Successfully connected to PostgreSQL database
2025-08-03 08:21:09,153 - INFO - Startup validation completed successfully
2025-08-03 08:21:14,280 - INFO - Loaded 119 districts from districts.csv
2025-08-03 08:21:14,290 - INFO - Best model identified: transformer
2025-08-03 08:21:14,314 - INFO - Successfully connected to PostgreSQL database
2025-08-03 08:21:14,605 - INFO - Returning predictions for 118 districts
2025-08-03 08:21:14,615 - INFO - Loaded model metrics for 5 models
2025-08-03 08:21:14,728 - INFO - Successfully loaded historical data
2025-08-03 08:22:16,121 - INFO - Successfully validated file: districts.csv
2025-08-03 08:22:16,123 - INFO - Successfully validated file: test_maes.csv
2025-08-03 08:22:16,134 - INFO - Successfully validated file: malaria_historical.csv
2025-08-03 08:22:16,167 - INFO - Successfully connected to PostgreSQL database
2025-08-03 08:22:16,172 - INFO - Startup validation completed successfully
2025-08-03 08:22:25,070 - INFO - Loaded 119 districts from districts.csv
2025-08-03 08:22:25,079 - INFO - Best model identified: transformer
2025-08-03 08:22:25,110 - INFO - Successfully connected to PostgreSQL database
2025-08-03 08:22:25,343 - INFO - Returning predictions for 118 districts
2025-08-03 08:22:25,354 - INFO - Loaded model metrics for 5 models
2025-08-03 08:22:25,443 - INFO - Successfully loaded historical data
2025-08-03 08:22:48,022 - INFO - Loaded 119 districts from districts.csv
2025-08-03 08:22:48,031 - INFO - Best model identified: transformer
2025-08-03 08:22:48,109 - INFO - Successfully connected to PostgreSQL database
2025-08-03 08:22:48,150 - INFO - Returning predictions for 118 districts
2025-08-03 08:22:48,183 - INFO - Loaded model metrics for 5 models
2025-08-03 08:22:48,314 - INFO - Successfully loaded historical data
